Arguments: 
  C:\Program Files\nodejs\node.exe C:\Users\ADMIN\AppData\Roaming\npm\node_modules\yarn\bin\yarn.js add child_process

PATH: 
  C:\Python311\Scripts\;C:\Python311\;C:\WINDOWS\system32;C:\WINDOWS;C:\WINDOWS\System32\Wbem;C:\WINDOWS\System32\WindowsPowerShell\v1.0\;C:\WINDOWS\System32\OpenSSH\;D:\mplabx\bin;D:\laragon\laragon\bin\php\php-7.4.19-Win32-vc15-x64;D:\composer;C:\Program Files\Git\cmd;C:\Program Files\dotnet\;C:\ProgramData\chocolatey\bin;C:\Program Files\nodejs\;C:\Program Files\MySQL\MySQL Shell 8.0\bin\;C:\Users\ADMIN\AppData\Local\Microsoft\WindowsApps;C:\Users\ADMIN\AppData\Roaming\Composer\vendor\bin;D:\vscode\Microsoft VS Code\bin;D:\phpstorm\JetBrains PhpStorm 2020.1 x64\phpstorm\PhpStorm 2020.1\bin;;C:\Users\ADMIN\AppData\Local\GitHubDesktop\bin;C:\Users\ADMIN\AppData\Roaming\npm;C:\Program Files\nodejs\;

Yarn version: 
  1.22.19

Node version: 
  18.16.1

Platform: 
  win32 x64

Trace: 
  Error: EPERM: operation not permitted, unlink 'D:\project\BACKEND\quanly_project_backend\node_modules\bcrypt\lib\binding\napi-v3\bcrypt_lib.node'

npm manifest: 
  {
    "name": "quanly-duan-backend",
    "version": "1.0.0",
    "description": "a backend of quanly-duan web",
    "main": "index.js",
    "scripts": {
      "test": "echo \"Error: no test specified\" && exit 1"
    },
    "author": "namnguyenjune8",
    "license": "ISC",
    "dependencies": {
      "bcrypt": "^5.1.0",
      "bcryptjs": "^2.4.3",
      "body-parser": "^1.20.2",
      "core-js": "^3.29.1",
      "cors": "^2.8.5",
      "dotenv": "^16.0.3",
      "express": "^4.18.2",
      "firebase": "^9.23.0",
      "jsonwebtoken": "^9.0.0",
      "jwt-decode": "^3.1.2",
      "mysql2": "^3.2.0",
      "node-cron": "^3.0.2",
      "passport": "^0.6.0",
      "passport-jwt": "^4.0.1"
    }
  }

yarn manifest: 
  No manifest

Lockfile: 
  No lockfile
